380  [Thread-0] INFO  demo1.ReentrantLocktTest - Thread-0获取锁
583  [Thread-0] INFO  demo1.ReentrantLocktTest - Thread-0释放锁
583  [Thread-1] INFO  demo1.ReentrantLocktTest - Thread-1获取锁
783  [Thread-1] INFO  demo1.ReentrantLocktTest - Thread-1释放锁
783  [Thread-2] INFO  demo1.ReentrantLocktTest - Thread-2获取锁
983  [Thread-2] INFO  demo1.ReentrantLocktTest - Thread-2释放锁
984  [Thread-3] INFO  demo1.ReentrantLocktTest - Thread-3获取锁
1185 [Thread-3] INFO  demo1.ReentrantLocktTest - Thread-3释放锁
1185 [Thread-4] INFO  demo1.ReentrantLocktTest - Thread-4获取锁
1385 [Thread-4] INFO  demo1.ReentrantLocktTest - Thread-4释放锁
1385 [Thread-5] INFO  demo1.ReentrantLocktTest - Thread-5获取锁
1586 [Thread-5] INFO  demo1.ReentrantLocktTest - Thread-5释放锁
1586 [Thread-6] INFO  demo1.ReentrantLocktTest - Thread-6获取锁
1787 [Thread-6] INFO  demo1.ReentrantLocktTest - Thread-6释放锁
1787 [Thread-7] INFO  demo1.ReentrantLocktTest - Thread-7获取锁
1988 [Thread-7] INFO  demo1.ReentrantLocktTest - Thread-7释放锁
1988 [Thread-8] INFO  demo1.ReentrantLocktTest - Thread-8获取锁
2188 [Thread-8] INFO  demo1.ReentrantLocktTest - Thread-8释放锁
2188 [Thread-9] INFO  demo1.ReentrantLocktTest - Thread-9获取锁
2389 [Thread-9] INFO  demo1.ReentrantLocktTest - Thread-9释放锁
368  [Thread-0] INFO  demo1.ReentrantLocktTest - Thread-0获取锁
572  [Thread-0] INFO  demo1.ReentrantLocktTest - Thread-0释放锁
572  [Thread-1] INFO  demo1.ReentrantLocktTest - Thread-1获取锁
773  [Thread-1] INFO  demo1.ReentrantLocktTest - Thread-1释放锁
773  [Thread-2] INFO  demo1.ReentrantLocktTest - Thread-2获取锁
974  [Thread-2] INFO  demo1.ReentrantLocktTest - Thread-2释放锁
974  [Thread-3] INFO  demo1.ReentrantLocktTest - Thread-3获取锁
1175 [Thread-3] INFO  demo1.ReentrantLocktTest - Thread-3释放锁
1175 [Thread-4] INFO  demo1.ReentrantLocktTest - Thread-4获取锁
1375 [Thread-4] INFO  demo1.ReentrantLocktTest - Thread-4释放锁
1375 [Thread-5] INFO  demo1.ReentrantLocktTest - Thread-5获取锁
1576 [Thread-5] INFO  demo1.ReentrantLocktTest - Thread-5释放锁
1576 [Thread-6] INFO  demo1.ReentrantLocktTest - Thread-6获取锁
1776 [Thread-6] INFO  demo1.ReentrantLocktTest - Thread-6释放锁
1776 [Thread-7] INFO  demo1.ReentrantLocktTest - Thread-7获取锁
1976 [Thread-7] INFO  demo1.ReentrantLocktTest - Thread-7释放锁
1976 [Thread-8] INFO  demo1.ReentrantLocktTest - Thread-8获取锁
2176 [Thread-8] INFO  demo1.ReentrantLocktTest - Thread-8释放锁
2176 [Thread-9] INFO  demo1.ReentrantLocktTest - Thread-9获取锁
2377 [Thread-9] INFO  demo1.ReentrantLocktTest - Thread-9释放锁
388  [Thread-0] INFO  demo1.ReentrantLocktTest - Thread-0获取锁
591  [Thread-0] INFO  demo1.ReentrantLocktTest - Thread-0释放锁
591  [Thread-1] INFO  demo1.ReentrantLocktTest - Thread-1获取锁
792  [Thread-1] INFO  demo1.ReentrantLocktTest - Thread-1释放锁
792  [Thread-2] INFO  demo1.ReentrantLocktTest - Thread-2获取锁
992  [Thread-2] INFO  demo1.ReentrantLocktTest - Thread-2释放锁
992  [Thread-3] INFO  demo1.ReentrantLocktTest - Thread-3获取锁
1193 [Thread-3] INFO  demo1.ReentrantLocktTest - Thread-3释放锁
1193 [Thread-4] INFO  demo1.ReentrantLocktTest - Thread-4获取锁
1393 [Thread-4] INFO  demo1.ReentrantLocktTest - Thread-4释放锁
1393 [Thread-5] INFO  demo1.ReentrantLocktTest - Thread-5获取锁
1594 [Thread-5] INFO  demo1.ReentrantLocktTest - Thread-5释放锁
1594 [Thread-6] INFO  demo1.ReentrantLocktTest - Thread-6获取锁
1794 [Thread-6] INFO  demo1.ReentrantLocktTest - Thread-6释放锁
1794 [Thread-7] INFO  demo1.ReentrantLocktTest - Thread-7获取锁
1995 [Thread-7] INFO  demo1.ReentrantLocktTest - Thread-7释放锁
1995 [Thread-8] INFO  demo1.ReentrantLocktTest - Thread-8获取锁
2196 [Thread-8] INFO  demo1.ReentrantLocktTest - Thread-8释放锁
2196 [Thread-9] INFO  demo1.ReentrantLocktTest - Thread-9获取锁
2396 [Thread-9] INFO  demo1.ReentrantLocktTest - Thread-9释放锁



======
=====
9444 [Thread-1] INFO  demo1.ReentrantLocktTest - Thread-1获取锁
379  [Thread-0] INFO  demo1.ReentrantLocktTest - Thread-0获取锁


====
====

449  [Thread-0] INFO  demo1.ReentrantLocktTest - Thread-0获取锁
280  [Thread-0] INFO  demo1.ReentrantLocktTest - Thread-0获取锁
484  [Thread-0] INFO  demo1.ReentrantLocktTest - Thread-0释放锁
484  [Thread-1] INFO  demo1.ReentrantLocktTest - Thread-1获取锁
685  [Thread-1] INFO  demo1.ReentrantLocktTest - Thread-1释放锁
685  [Thread-2] INFO  demo1.ReentrantLocktTest - Thread-2获取锁
885  [Thread-2] INFO  demo1.ReentrantLocktTest - Thread-2释放锁
885  [Thread-3] INFO  demo1.ReentrantLocktTest - Thread-3获取锁
1086 [Thread-3] INFO  demo1.ReentrantLocktTest - Thread-3释放锁
1086 [Thread-4] INFO  demo1.ReentrantLocktTest - Thread-4获取锁
1286 [Thread-4] INFO  demo1.ReentrantLocktTest - Thread-4释放锁
1286 [Thread-7] INFO  demo1.ReentrantLocktTest - Thread-7获取锁
1487 [Thread-7] INFO  demo1.ReentrantLocktTest - Thread-7释放锁
1487 [Thread-5] INFO  demo1.ReentrantLocktTest - Thread-5获取锁
1688 [Thread-5] INFO  demo1.ReentrantLocktTest - Thread-5释放锁
1688 [Thread-8] INFO  demo1.ReentrantLocktTest - Thread-8获取锁
1889 [Thread-8] INFO  demo1.ReentrantLocktTest - Thread-8释放锁
1889 [Thread-6] INFO  demo1.ReentrantLocktTest - Thread-6获取锁
2090 [Thread-6] INFO  demo1.ReentrantLocktTest - Thread-6释放锁
2090 [Thread-9] INFO  demo1.ReentrantLocktTest - Thread-9获取锁
2290 [Thread-9] INFO  demo1.ReentrantLocktTest - Thread-9释放锁
291  [Thread-0] INFO  demo1.ReentrantLocktTest - Thread-0获取锁
494  [Thread-0] INFO  demo1.ReentrantLocktTest - Thread-0释放锁
494  [Thread-1] INFO  demo1.ReentrantLocktTest - Thread-1获取锁
694  [Thread-1] INFO  demo1.ReentrantLocktTest - Thread-1释放锁
694  [Thread-2] INFO  demo1.ReentrantLocktTest - Thread-2获取锁
895  [Thread-2] INFO  demo1.ReentrantLocktTest - Thread-2释放锁
895  [Thread-3] INFO  demo1.ReentrantLocktTest - Thread-3获取锁
1096 [Thread-3] INFO  demo1.ReentrantLocktTest - Thread-3释放锁
1096 [Thread-4] INFO  demo1.ReentrantLocktTest - Thread-4获取锁
1296 [Thread-4] INFO  demo1.ReentrantLocktTest - Thread-4释放锁
1296 [Thread-5] INFO  demo1.ReentrantLocktTest - Thread-5获取锁
1497 [Thread-5] INFO  demo1.ReentrantLocktTest - Thread-5释放锁
1497 [Thread-7] INFO  demo1.ReentrantLocktTest - Thread-7获取锁
1697 [Thread-7] INFO  demo1.ReentrantLocktTest - Thread-7释放锁
1697 [Thread-6] INFO  demo1.ReentrantLocktTest - Thread-6获取锁
1899 [Thread-6] INFO  demo1.ReentrantLocktTest - Thread-6释放锁
1899 [Thread-8] INFO  demo1.ReentrantLocktTest - Thread-8获取锁
2099 [Thread-8] INFO  demo1.ReentrantLocktTest - Thread-8释放锁
2099 [Thread-9] INFO  demo1.ReentrantLocktTest - Thread-9获取锁
2300 [Thread-9] INFO  demo1.ReentrantLocktTest - Thread-9释放锁
340  [Thread-1] INFO  demo1.ReentrantLocktTest - Thread-1获取锁
544  [Thread-1] INFO  demo1.ReentrantLocktTest - Thread-1释放锁
544  [Thread-2] INFO  demo1.ReentrantLocktTest - Thread-2获取锁
745  [Thread-2] INFO  demo1.ReentrantLocktTest - Thread-2释放锁
745  [Thread-0] INFO  demo1.ReentrantLocktTest - Thread-0获取锁
945  [Thread-0] INFO  demo1.ReentrantLocktTest - Thread-0释放锁
945  [Thread-3] INFO  demo1.ReentrantLocktTest - Thread-3获取锁
1146 [Thread-3] INFO  demo1.ReentrantLocktTest - Thread-3释放锁
1146 [Thread-4] INFO  demo1.ReentrantLocktTest - Thread-4获取锁
1347 [Thread-4] INFO  demo1.ReentrantLocktTest - Thread-4释放锁
1347 [Thread-5] INFO  demo1.ReentrantLocktTest - Thread-5获取锁
1548 [Thread-5] INFO  demo1.ReentrantLocktTest - Thread-5释放锁
1548 [Thread-6] INFO  demo1.ReentrantLocktTest - Thread-6获取锁
1748 [Thread-6] INFO  demo1.ReentrantLocktTest - Thread-6释放锁
1748 [Thread-7] INFO  demo1.ReentrantLocktTest - Thread-7获取锁
1949 [Thread-7] INFO  demo1.ReentrantLocktTest - Thread-7释放锁
1949 [Thread-8] INFO  demo1.ReentrantLocktTest - Thread-8获取锁
2149 [Thread-8] INFO  demo1.ReentrantLocktTest - Thread-8释放锁
2149 [Thread-9] INFO  demo1.ReentrantLocktTest - Thread-9获取锁
2350 [Thread-9] INFO  demo1.ReentrantLocktTest - Thread-9释放锁
369  [Thread-1] INFO  demo1.ReentrantLocktTest - Thread-1获取锁
9425 [Thread-1] INFO  demo1.ReentrantLocktTest - Thread-1释放锁
9425 [Thread-0] INFO  demo1.ReentrantLocktTest - Thread-0获取锁
285  [Thread-1] INFO  demo1.ReentrantLocktTest - Thread-1获取锁
487  [Thread-1] INFO  demo1.ReentrantLocktTest - Thread-1释放锁
487  [Thread-2] INFO  demo1.ReentrantLocktTest - Thread-2获取锁
688  [Thread-2] INFO  demo1.ReentrantLocktTest - Thread-2释放锁
688  [Thread-0] INFO  demo1.ReentrantLocktTest - Thread-0获取锁
888  [Thread-0] INFO  demo1.ReentrantLocktTest - Thread-0释放锁
888  [Thread-3] INFO  demo1.ReentrantLocktTest - Thread-3获取锁
1089 [Thread-3] INFO  demo1.ReentrantLocktTest - Thread-3释放锁
1089 [Thread-4] INFO  demo1.ReentrantLocktTest - Thread-4获取锁
1289 [Thread-4] INFO  demo1.ReentrantLocktTest - Thread-4释放锁
1289 [Thread-5] INFO  demo1.ReentrantLocktTest - Thread-5获取锁
1490 [Thread-5] INFO  demo1.ReentrantLocktTest - Thread-5释放锁
1490 [Thread-6] INFO  demo1.ReentrantLocktTest - Thread-6获取锁
1690 [Thread-6] INFO  demo1.ReentrantLocktTest - Thread-6释放锁
1690 [Thread-7] INFO  demo1.ReentrantLocktTest - Thread-7获取锁
1891 [Thread-7] INFO  demo1.ReentrantLocktTest - Thread-7释放锁
1891 [Thread-8] INFO  demo1.ReentrantLocktTest - Thread-8获取锁
2092 [Thread-8] INFO  demo1.ReentrantLocktTest - Thread-8释放锁
2092 [Thread-9] INFO  demo1.ReentrantLocktTest - Thread-9获取锁
2293 [Thread-9] INFO  demo1.ReentrantLocktTest - Thread-9释放锁
303  [Thread-0] INFO  demo1.ReentrantLocktTest - Thread-0获取锁
505  [Thread-0] INFO  demo1.ReentrantLocktTest - Thread-0释放锁
505  [Thread-1] INFO  demo1.ReentrantLocktTest - Thread-1获取锁
706  [Thread-1] INFO  demo1.ReentrantLocktTest - Thread-1释放锁
706  [Thread-2] INFO  demo1.ReentrantLocktTest - Thread-2获取锁
907  [Thread-2] INFO  demo1.ReentrantLocktTest - Thread-2释放锁
907  [Thread-3] INFO  demo1.ReentrantLocktTest - Thread-3获取锁
1107 [Thread-3] INFO  demo1.ReentrantLocktTest - Thread-3释放锁
1107 [Thread-4] INFO  demo1.ReentrantLocktTest - Thread-4获取锁
1307 [Thread-4] INFO  demo1.ReentrantLocktTest - Thread-4释放锁
1307 [Thread-5] INFO  demo1.ReentrantLocktTest - Thread-5获取锁
1508 [Thread-5] INFO  demo1.ReentrantLocktTest - Thread-5释放锁
1508 [Thread-6] INFO  demo1.ReentrantLocktTest - Thread-6获取锁
1708 [Thread-6] INFO  demo1.ReentrantLocktTest - Thread-6释放锁
1708 [Thread-7] INFO  demo1.ReentrantLocktTest - Thread-7获取锁
1909 [Thread-7] INFO  demo1.ReentrantLocktTest - Thread-7释放锁
1909 [Thread-8] INFO  demo1.ReentrantLocktTest - Thread-8获取锁
2109 [Thread-8] INFO  demo1.ReentrantLocktTest - Thread-8释放锁
2109 [Thread-9] INFO  demo1.ReentrantLocktTest - Thread-9获取锁
2310 [Thread-9] INFO  demo1.ReentrantLocktTest - Thread-9释放锁
234  [Thread-0] INFO  demo1.ReentrantLocktTest - Thread-0获取锁
436  [Thread-0] INFO  demo1.ReentrantLocktTest - Thread-0释放锁
436  [Thread-1] INFO  demo1.ReentrantLocktTest - Thread-1获取锁
637  [Thread-1] INFO  demo1.ReentrantLocktTest - Thread-1释放锁
637  [Thread-2] INFO  demo1.ReentrantLocktTest - Thread-2获取锁
838  [Thread-2] INFO  demo1.ReentrantLocktTest - Thread-2释放锁
838  [Thread-3] INFO  demo1.ReentrantLocktTest - Thread-3获取锁
1038 [Thread-3] INFO  demo1.ReentrantLocktTest - Thread-3释放锁
1038 [Thread-5] INFO  demo1.ReentrantLocktTest - Thread-5获取锁
1238 [Thread-5] INFO  demo1.ReentrantLocktTest - Thread-5释放锁
1238 [Thread-4] INFO  demo1.ReentrantLocktTest - Thread-4获取锁
1439 [Thread-4] INFO  demo1.ReentrantLocktTest - Thread-4释放锁
1439 [Thread-6] INFO  demo1.ReentrantLocktTest - Thread-6获取锁
1639 [Thread-6] INFO  demo1.ReentrantLocktTest - Thread-6释放锁
1639 [Thread-7] INFO  demo1.ReentrantLocktTest - Thread-7获取锁
1839 [Thread-7] INFO  demo1.ReentrantLocktTest - Thread-7释放锁
1839 [Thread-8] INFO  demo1.ReentrantLocktTest - Thread-8获取锁
2039 [Thread-8] INFO  demo1.ReentrantLocktTest - Thread-8释放锁
2039 [Thread-9] INFO  demo1.ReentrantLocktTest - Thread-9获取锁
2240 [Thread-9] INFO  demo1.ReentrantLocktTest - Thread-9释放锁
306  [Thread-0] INFO  demo1.ReentrantLocktTest - Thread-0获取锁
49826 [Thread-0] INFO  demo1.ReentrantLocktTest - Thread-0释放锁
165341 [Thread-2] INFO  demo1.ReentrantLocktTest - Thread-2获取锁
301  [Thread-0] INFO  demo1.ReentrantLocktTest - Thread-0获取锁
503  [Thread-0] INFO  demo1.ReentrantLocktTest - Thread-0释放锁
503  [Thread-1] INFO  demo1.ReentrantLocktTest - Thread-1获取锁
704  [Thread-1] INFO  demo1.ReentrantLocktTest - Thread-1释放锁
704  [Thread-2] INFO  demo1.ReentrantLocktTest - Thread-2获取锁
904  [Thread-2] INFO  demo1.ReentrantLocktTest - Thread-2释放锁
904  [Thread-3] INFO  demo1.ReentrantLocktTest - Thread-3获取锁
1105 [Thread-3] INFO  demo1.ReentrantLocktTest - Thread-3释放锁
1105 [Thread-4] INFO  demo1.ReentrantLocktTest - Thread-4获取锁
1305 [Thread-4] INFO  demo1.ReentrantLocktTest - Thread-4释放锁
1305 [Thread-5] INFO  demo1.ReentrantLocktTest - Thread-5获取锁
1506 [Thread-5] INFO  demo1.ReentrantLocktTest - Thread-5释放锁
1506 [Thread-6] INFO  demo1.ReentrantLocktTest - Thread-6获取锁
1707 [Thread-6] INFO  demo1.ReentrantLocktTest - Thread-6释放锁
1707 [Thread-7] INFO  demo1.ReentrantLocktTest - Thread-7获取锁
1908 [Thread-7] INFO  demo1.ReentrantLocktTest - Thread-7释放锁
1908 [Thread-8] INFO  demo1.ReentrantLocktTest - Thread-8获取锁
2109 [Thread-8] INFO  demo1.ReentrantLocktTest - Thread-8释放锁
2109 [Thread-9] INFO  demo1.ReentrantLocktTest - Thread-9获取锁
2310 [Thread-9] INFO  demo1.ReentrantLocktTest - Thread-9释放锁
318  [线程0] INFO  demo1.ReentrantLocktTest - 线程0获取锁
522  [线程0] INFO  demo1.ReentrantLocktTest - 线程0释放锁
522  [线程1] INFO  demo1.ReentrantLocktTest - 线程1获取锁
722  [线程1] INFO  demo1.ReentrantLocktTest - 线程1释放锁
722  [线程2] INFO  demo1.ReentrantLocktTest - 线程2获取锁
923  [线程2] INFO  demo1.ReentrantLocktTest - 线程2释放锁
923  [线程3] INFO  demo1.ReentrantLocktTest - 线程3获取锁
1124 [线程3] INFO  demo1.ReentrantLocktTest - 线程3释放锁
1124 [线程4] INFO  demo1.ReentrantLocktTest - 线程4获取锁
1324 [线程4] INFO  demo1.ReentrantLocktTest - 线程4释放锁
1324 [线程5] INFO  demo1.ReentrantLocktTest - 线程5获取锁
1525 [线程5] INFO  demo1.ReentrantLocktTest - 线程5释放锁
1525 [线程6] INFO  demo1.ReentrantLocktTest - 线程6获取锁
1725 [线程6] INFO  demo1.ReentrantLocktTest - 线程6释放锁
1725 [线程7] INFO  demo1.ReentrantLocktTest - 线程7获取锁
1925 [线程7] INFO  demo1.ReentrantLocktTest - 线程7释放锁
1925 [线程9] INFO  demo1.ReentrantLocktTest - 线程9获取锁
2125 [线程9] INFO  demo1.ReentrantLocktTest - 线程9释放锁
2125 [线程8] INFO  demo1.ReentrantLocktTest - 线程8获取锁
2326 [线程8] INFO  demo1.ReentrantLocktTest - 线程8释放锁
239  [线程0] INFO  demo1.ReentrantLocktTest - 线程0获取锁
441  [线程0] INFO  demo1.ReentrantLocktTest - 线程0释放锁
441  [线程1] INFO  demo1.ReentrantLocktTest - 线程1获取锁
642  [线程1] INFO  demo1.ReentrantLocktTest - 线程1释放锁
642  [线程2] INFO  demo1.ReentrantLocktTest - 线程2获取锁
842  [线程2] INFO  demo1.ReentrantLocktTest - 线程2释放锁
842  [线程3] INFO  demo1.ReentrantLocktTest - 线程3获取锁
1043 [线程3] INFO  demo1.ReentrantLocktTest - 线程3释放锁
1043 [线程4] INFO  demo1.ReentrantLocktTest - 线程4获取锁
1243 [线程4] INFO  demo1.ReentrantLocktTest - 线程4释放锁
1243 [线程5] INFO  demo1.ReentrantLocktTest - 线程5获取锁
1443 [线程5] INFO  demo1.ReentrantLocktTest - 线程5释放锁
1443 [线程6] INFO  demo1.ReentrantLocktTest - 线程6获取锁
1643 [线程6] INFO  demo1.ReentrantLocktTest - 线程6释放锁
1643 [线程7] INFO  demo1.ReentrantLocktTest - 线程7获取锁
1844 [线程7] INFO  demo1.ReentrantLocktTest - 线程7释放锁
1844 [线程8] INFO  demo1.ReentrantLocktTest - 线程8获取锁
2044 [线程8] INFO  demo1.ReentrantLocktTest - 线程8释放锁
2044 [线程9] INFO  demo1.ReentrantLocktTest - 线程9获取锁
2244 [线程9] INFO  demo1.ReentrantLocktTest - 线程9释放锁
259  [线程0] INFO  demo1.ReentrantLocktTest - 线程0获取锁
462  [线程0] INFO  demo1.ReentrantLocktTest - 线程0释放锁
462  [线程1] INFO  demo1.ReentrantLocktTest - 线程1获取锁
662  [线程1] INFO  demo1.ReentrantLocktTest - 线程1释放锁
662  [线程2] INFO  demo1.ReentrantLocktTest - 线程2获取锁
863  [线程2] INFO  demo1.ReentrantLocktTest - 线程2释放锁
863  [线程3] INFO  demo1.ReentrantLocktTest - 线程3获取锁
1064 [线程3] INFO  demo1.ReentrantLocktTest - 线程3释放锁
1064 [线程4] INFO  demo1.ReentrantLocktTest - 线程4获取锁
1264 [线程4] INFO  demo1.ReentrantLocktTest - 线程4释放锁
1264 [线程5] INFO  demo1.ReentrantLocktTest - 线程5获取锁
1465 [线程5] INFO  demo1.ReentrantLocktTest - 线程5释放锁
1465 [线程6] INFO  demo1.ReentrantLocktTest - 线程6获取锁
1666 [线程6] INFO  demo1.ReentrantLocktTest - 线程6释放锁
1666 [线程8] INFO  demo1.ReentrantLocktTest - 线程8获取锁
1867 [线程8] INFO  demo1.ReentrantLocktTest - 线程8释放锁
1867 [线程7] INFO  demo1.ReentrantLocktTest - 线程7获取锁
2067 [线程7] INFO  demo1.ReentrantLocktTest - 线程7释放锁
2067 [线程9] INFO  demo1.ReentrantLocktTest - 线程9获取锁
2268 [线程9] INFO  demo1.ReentrantLocktTest - 线程9释放锁
326  [线程0] INFO  demo1.ReentrantLocktTest - 线程0获取锁
530  [线程0] INFO  demo1.ReentrantLocktTest - 线程0释放锁
530  [线程2] INFO  demo1.ReentrantLocktTest - 线程2获取锁
731  [线程2] INFO  demo1.ReentrantLocktTest - 线程2释放锁
731  [线程3] INFO  demo1.ReentrantLocktTest - 线程3获取锁
932  [线程3] INFO  demo1.ReentrantLocktTest - 线程3释放锁
932  [线程1] INFO  demo1.ReentrantLocktTest - 线程1获取锁
1132 [线程1] INFO  demo1.ReentrantLocktTest - 线程1释放锁
1132 [线程4] INFO  demo1.ReentrantLocktTest - 线程4获取锁
1332 [线程4] INFO  demo1.ReentrantLocktTest - 线程4释放锁
1332 [线程5] INFO  demo1.ReentrantLocktTest - 线程5获取锁
1533 [线程5] INFO  demo1.ReentrantLocktTest - 线程5释放锁
1533 [线程6] INFO  demo1.ReentrantLocktTest - 线程6获取锁
1734 [线程6] INFO  demo1.ReentrantLocktTest - 线程6释放锁
1734 [线程7] INFO  demo1.ReentrantLocktTest - 线程7获取锁
1934 [线程7] INFO  demo1.ReentrantLocktTest - 线程7释放锁
1934 [线程8] INFO  demo1.ReentrantLocktTest - 线程8获取锁
2134 [线程8] INFO  demo1.ReentrantLocktTest - 线程8释放锁
2134 [线程9] INFO  demo1.ReentrantLocktTest - 线程9获取锁
2335 [线程9] INFO  demo1.ReentrantLocktTest - 线程9释放锁
335  [线程0] INFO  demo1.ReentrantLocktTest - 线程0获取锁
60769 [线程0] INFO  demo1.ReentrantLocktTest - 线程0释放锁
60769 [线程1] INFO  demo1.ReentrantLocktTest - 线程1获取锁
240  [线程0] INFO  demo1.ReentrantLocktTest - 线程0获取锁
443  [线程0] INFO  demo1.ReentrantLocktTest - 线程0释放锁
443  [线程1] INFO  demo1.ReentrantLocktTest - 线程1获取锁
643  [线程1] INFO  demo1.ReentrantLocktTest - 线程1释放锁
643  [线程2] INFO  demo1.ReentrantLocktTest - 线程2获取锁
844  [线程2] INFO  demo1.ReentrantLocktTest - 线程2释放锁
844  [线程3] INFO  demo1.ReentrantLocktTest - 线程3获取锁
1044 [线程3] INFO  demo1.ReentrantLocktTest - 线程3释放锁
1044 [线程4] INFO  demo1.ReentrantLocktTest - 线程4获取锁
1244 [线程4] INFO  demo1.ReentrantLocktTest - 线程4释放锁
1244 [线程5] INFO  demo1.ReentrantLocktTest - 线程5获取锁
1444 [线程5] INFO  demo1.ReentrantLocktTest - 线程5释放锁
1444 [线程6] INFO  demo1.ReentrantLocktTest - 线程6获取锁
1645 [线程6] INFO  demo1.ReentrantLocktTest - 线程6释放锁
1645 [线程7] INFO  demo1.ReentrantLocktTest - 线程7获取锁
1845 [线程7] INFO  demo1.ReentrantLocktTest - 线程7释放锁
1845 [线程8] INFO  demo1.ReentrantLocktTest - 线程8获取锁
2045 [线程8] INFO  demo1.ReentrantLocktTest - 线程8释放锁
2045 [线程9] INFO  demo1.ReentrantLocktTest - 线程9获取锁
2245 [线程9] INFO  demo1.ReentrantLocktTest - 线程9释放锁
235  [线程0] INFO  demo1.ReentrantLocktTest - 线程0获取锁
438  [线程0] INFO  demo1.ReentrantLocktTest - 线程0释放锁
438  [线程1] INFO  demo1.ReentrantLocktTest - 线程1获取锁
638  [线程1] INFO  demo1.ReentrantLocktTest - 线程1释放锁
638  [线程2] INFO  demo1.ReentrantLocktTest - 线程2获取锁
839  [线程2] INFO  demo1.ReentrantLocktTest - 线程2释放锁
839  [线程3] INFO  demo1.ReentrantLocktTest - 线程3获取锁
1039 [线程3] INFO  demo1.ReentrantLocktTest - 线程3释放锁
1039 [线程5] INFO  demo1.ReentrantLocktTest - 线程5获取锁
1240 [线程5] INFO  demo1.ReentrantLocktTest - 线程5释放锁
1240 [线程4] INFO  demo1.ReentrantLocktTest - 线程4获取锁
1440 [线程4] INFO  demo1.ReentrantLocktTest - 线程4释放锁
1440 [线程6] INFO  demo1.ReentrantLocktTest - 线程6获取锁
1640 [线程6] INFO  demo1.ReentrantLocktTest - 线程6释放锁
1640 [线程7] INFO  demo1.ReentrantLocktTest - 线程7获取锁
1841 [线程7] INFO  demo1.ReentrantLocktTest - 线程7释放锁
1841 [线程8] INFO  demo1.ReentrantLocktTest - 线程8获取锁
2042 [线程8] INFO  demo1.ReentrantLocktTest - 线程8释放锁
2042 [线程9] INFO  demo1.ReentrantLocktTest - 线程9获取锁
2242 [线程9] INFO  demo1.ReentrantLocktTest - 线程9释放锁
345  [线程0] INFO  demo1.ReentrantLocktTest - 线程0获取锁
549  [线程0] INFO  demo1.ReentrantLocktTest - 线程0释放锁
549  [线程1] INFO  demo1.ReentrantLocktTest - 线程1获取锁
749  [线程1] INFO  demo1.ReentrantLocktTest - 线程1释放锁
749  [线程3] INFO  demo1.ReentrantLocktTest - 线程3获取锁
950  [线程3] INFO  demo1.ReentrantLocktTest - 线程3释放锁
950  [线程4] INFO  demo1.ReentrantLocktTest - 线程4获取锁
1150 [线程4] INFO  demo1.ReentrantLocktTest - 线程4释放锁
1150 [线程2] INFO  demo1.ReentrantLocktTest - 线程2获取锁
1351 [线程2] INFO  demo1.ReentrantLocktTest - 线程2释放锁
1351 [线程8] INFO  demo1.ReentrantLocktTest - 线程8获取锁
1551 [线程8] INFO  demo1.ReentrantLocktTest - 线程8释放锁
1551 [线程6] INFO  demo1.ReentrantLocktTest - 线程6获取锁
1751 [线程6] INFO  demo1.ReentrantLocktTest - 线程6释放锁
1751 [线程7] INFO  demo1.ReentrantLocktTest - 线程7获取锁
1951 [线程7] INFO  demo1.ReentrantLocktTest - 线程7释放锁
1951 [线程5] INFO  demo1.ReentrantLocktTest - 线程5获取锁
2151 [线程5] INFO  demo1.ReentrantLocktTest - 线程5释放锁
2151 [线程9] INFO  demo1.ReentrantLocktTest - 线程9获取锁
2351 [线程9] INFO  demo1.ReentrantLocktTest - 线程9释放锁
292  [线程0] INFO  demo1.ReentrantLocktTest - 线程0获取锁
495  [线程0] INFO  demo1.ReentrantLocktTest - 线程0释放锁
495  [线程1] INFO  demo1.ReentrantLocktTest - 线程1获取锁
695  [线程1] INFO  demo1.ReentrantLocktTest - 线程1释放锁
695  [线程2] INFO  demo1.ReentrantLocktTest - 线程2获取锁
896  [线程2] INFO  demo1.ReentrantLocktTest - 线程2释放锁
896  [线程3] INFO  demo1.ReentrantLocktTest - 线程3获取锁
1096 [线程3] INFO  demo1.ReentrantLocktTest - 线程3释放锁
1096 [线程4] INFO  demo1.ReentrantLocktTest - 线程4获取锁
1297 [线程4] INFO  demo1.ReentrantLocktTest - 线程4释放锁
1297 [线程5] INFO  demo1.ReentrantLocktTest - 线程5获取锁
1497 [线程5] INFO  demo1.ReentrantLocktTest - 线程5释放锁
1497 [线程6] INFO  demo1.ReentrantLocktTest - 线程6获取锁
1698 [线程6] INFO  demo1.ReentrantLocktTest - 线程6释放锁
1698 [线程7] INFO  demo1.ReentrantLocktTest - 线程7获取锁
1898 [线程7] INFO  demo1.ReentrantLocktTest - 线程7释放锁
1898 [线程8] INFO  demo1.ReentrantLocktTest - 线程8获取锁
2098 [线程8] INFO  demo1.ReentrantLocktTest - 线程8释放锁
2098 [线程9] INFO  demo1.ReentrantLocktTest - 线程9获取锁
2299 [线程9] INFO  demo1.ReentrantLocktTest - 线程9释放锁
289  [线程0] INFO  demo1.ReentrantLocktTest - 线程0获取锁
493  [线程0] INFO  demo1.ReentrantLocktTest - 线程0释放锁
493  [线程1] INFO  demo1.ReentrantLocktTest - 线程1获取锁
693  [线程1] INFO  demo1.ReentrantLocktTest - 线程1释放锁
693  [线程2] INFO  demo1.ReentrantLocktTest - 线程2获取锁
894  [线程2] INFO  demo1.ReentrantLocktTest - 线程2释放锁
894  [线程3] INFO  demo1.ReentrantLocktTest - 线程3获取锁
1094 [线程3] INFO  demo1.ReentrantLocktTest - 线程3释放锁
1094 [线程5] INFO  demo1.ReentrantLocktTest - 线程5获取锁
1295 [线程5] INFO  demo1.ReentrantLocktTest - 线程5释放锁
1295 [线程4] INFO  demo1.ReentrantLocktTest - 线程4获取锁
1496 [线程4] INFO  demo1.ReentrantLocktTest - 线程4释放锁
1496 [线程6] INFO  demo1.ReentrantLocktTest - 线程6获取锁
1696 [线程6] INFO  demo1.ReentrantLocktTest - 线程6释放锁
1696 [线程7] INFO  demo1.ReentrantLocktTest - 线程7获取锁
1897 [线程7] INFO  demo1.ReentrantLocktTest - 线程7释放锁
1897 [线程8] INFO  demo1.ReentrantLocktTest - 线程8获取锁
2097 [线程8] INFO  demo1.ReentrantLocktTest - 线程8释放锁
2097 [线程9] INFO  demo1.ReentrantLocktTest - 线程9获取锁
2298 [线程9] INFO  demo1.ReentrantLocktTest - 线程9释放锁
273  [线程0] INFO  demo1.ReentrantLocktTest - 线程0获取锁
477  [线程0] INFO  demo1.ReentrantLocktTest - 线程0释放锁
477  [线程1] INFO  demo1.ReentrantLocktTest - 线程1获取锁
682  [线程1] INFO  demo1.ReentrantLocktTest - 线程1释放锁
683  [线程2] INFO  demo1.ReentrantLocktTest - 线程2获取锁
884  [线程2] INFO  demo1.ReentrantLocktTest - 线程2释放锁
886  [线程3] INFO  demo1.ReentrantLocktTest - 线程3获取锁
1087 [线程3] INFO  demo1.ReentrantLocktTest - 线程3释放锁
1089 [线程5] INFO  demo1.ReentrantLocktTest - 线程5获取锁
1290 [线程5] INFO  demo1.ReentrantLocktTest - 线程5释放锁
1290 [线程6] INFO  demo1.ReentrantLocktTest - 线程6获取锁
1491 [线程6] INFO  demo1.ReentrantLocktTest - 线程6释放锁
1491 [线程4] INFO  demo1.ReentrantLocktTest - 线程4获取锁
1691 [线程4] INFO  demo1.ReentrantLocktTest - 线程4释放锁
1691 [线程7] INFO  demo1.ReentrantLocktTest - 线程7获取锁
1892 [线程7] INFO  demo1.ReentrantLocktTest - 线程7释放锁
1892 [线程8] INFO  demo1.ReentrantLocktTest - 线程8获取锁
2093 [线程8] INFO  demo1.ReentrantLocktTest - 线程8释放锁
2093 [线程9] INFO  demo1.ReentrantLocktTest - 线程9获取锁
2302 [线程9] INFO  demo1.ReentrantLocktTest - 线程9释放锁
299  [线程0] INFO  demo1.ReentrantLocktTest - 线程0获取锁
503  [线程0] INFO  demo1.ReentrantLocktTest - 线程0释放锁
503  [线程1] INFO  demo1.ReentrantLocktTest - 线程1获取锁
703  [线程1] INFO  demo1.ReentrantLocktTest - 线程1释放锁
703  [线程2] INFO  demo1.ReentrantLocktTest - 线程2获取锁
904  [线程2] INFO  demo1.ReentrantLocktTest - 线程2释放锁
904  [线程3] INFO  demo1.ReentrantLocktTest - 线程3获取锁
1105 [线程3] INFO  demo1.ReentrantLocktTest - 线程3释放锁
1106 [线程4] INFO  demo1.ReentrantLocktTest - 线程4获取锁
1309 [线程4] INFO  demo1.ReentrantLocktTest - 线程4释放锁
1309 [线程5] INFO  demo1.ReentrantLocktTest - 线程5获取锁
1510 [线程5] INFO  demo1.ReentrantLocktTest - 线程5释放锁
1510 [线程6] INFO  demo1.ReentrantLocktTest - 线程6获取锁
1710 [线程6] INFO  demo1.ReentrantLocktTest - 线程6释放锁
1710 [线程7] INFO  demo1.ReentrantLocktTest - 线程7获取锁
1910 [线程7] INFO  demo1.ReentrantLocktTest - 线程7释放锁
1910 [线程8] INFO  demo1.ReentrantLocktTest - 线程8获取锁
2110 [线程8] INFO  demo1.ReentrantLocktTest - 线程8释放锁
2133 [线程9] INFO  demo1.ReentrantLocktTest - 线程9获取锁
2333 [线程9] INFO  demo1.ReentrantLocktTest - 线程9释放锁
307  [线程0] INFO  demo1.ReentrantLocktTest - 线程0获取锁
513  [线程0] INFO  demo1.ReentrantLocktTest - 线程0释放锁
513  [线程1] INFO  demo1.ReentrantLocktTest - 线程1获取锁
714  [线程1] INFO  demo1.ReentrantLocktTest - 线程1释放锁
714  [线程2] INFO  demo1.ReentrantLocktTest - 线程2获取锁
914  [线程2] INFO  demo1.ReentrantLocktTest - 线程2释放锁
914  [线程4] INFO  demo1.ReentrantLocktTest - 线程4获取锁
1114 [线程4] INFO  demo1.ReentrantLocktTest - 线程4释放锁
1114 [线程3] INFO  demo1.ReentrantLocktTest - 线程3获取锁
1315 [线程3] INFO  demo1.ReentrantLocktTest - 线程3释放锁
1315 [线程5] INFO  demo1.ReentrantLocktTest - 线程5获取锁
1515 [线程5] INFO  demo1.ReentrantLocktTest - 线程5释放锁
1515 [线程6] INFO  demo1.ReentrantLocktTest - 线程6获取锁
1716 [线程6] INFO  demo1.ReentrantLocktTest - 线程6释放锁
1716 [线程9] INFO  demo1.ReentrantLocktTest - 线程9获取锁
1916 [线程9] INFO  demo1.ReentrantLocktTest - 线程9释放锁
1916 [线程7] INFO  demo1.ReentrantLocktTest - 线程7获取锁
2117 [线程7] INFO  demo1.ReentrantLocktTest - 线程7释放锁
2117 [线程8] INFO  demo1.ReentrantLocktTest - 线程8获取锁
2318 [线程8] INFO  demo1.ReentrantLocktTest - 线程8释放锁
366  [线程0] INFO  demo1.ReentrantLocktTest - 线程0获取锁
61188 [线程0] INFO  demo1.ReentrantLocktTest - 线程0释放锁
61189 [线程1] INFO  demo1.ReentrantLocktTest - 线程1获取锁
322  [线程0] INFO  demo1.ReentrantLocktTest - 线程0获取锁
7518 [线程0] INFO  demo1.ReentrantLocktTest - 线程0释放锁
7518 [线程1] INFO  demo1.ReentrantLocktTest - 线程1获取锁
